h:\2020-2021\pecode\滴水初级\pe\pe\petool\x64\debug\resource.res
h:\2020-2021\pecode\滴水初级\pe\pe\petool\x64\debug\vc142.pdb
h:\2020-2021\pecode\滴水初级\pe\pe\petool\x64\debug\vc142.idb
h:\2020-2021\pecode\滴水初级\pe\pe\petool\x64\debug\petool.obj
h:\2020-2021\pecode\滴水初级\pe\pe\x64\debug\petool.pdb
h:\2020-2021\pecode\滴水初级\pe\pe\petool\x64\debug\petool.tlog\cl.command.1.tlog
h:\2020-2021\pecode\滴水初级\pe\pe\petool\x64\debug\petool.tlog\rc.read.1.tlog
h:\2020-2021\pecode\滴水初级\pe\pe\petool\x64\debug\petool.tlog\rc.write.1.tlog
h:\2020-2021\pecode\滴水初级\pe\pe\petool\x64\debug\petool.tlog\rc.command.1.tlog
h:\2020-2021\pecode\滴水初级\pe\pe\petool\x64\debug\petool.tlog\link.read.1.tlog
h:\2020-2021\pecode\滴水初级\pe\pe\petool\x64\debug\petool.tlog\link.write.1.tlog
h:\2020-2021\pecode\滴水初级\pe\pe\petool\x64\debug\petool.tlog\link.command.1.tlog
h:\2020-2021\pecode\滴水初级\pe\pe\petool\x64\debug\petool.tlog\cl.read.1.tlog
h:\2020-2021\pecode\滴水初级\pe\pe\petool\x64\debug\petool.tlog\cl.write.1.tlog
h:\2020-2021\pecode\滴水初级\pe\pe\petool\x64\debug\petool.tlog\link.26392-rc.read.1.tlog
h:\2020-2021\pecode\滴水初级\pe\pe\petool\x64\debug\petool.tlog\link.26392-rc.write.1.tlog
h:\2020-2021\pecode\滴水初级\pe\pe\petool\x64\debug\petool.tlog\link.26392-cvtres.read.1.tlog
h:\2020-2021\pecode\滴水初级\pe\pe\petool\x64\debug\petool.tlog\link.26392-cvtres.write.1.tlog
h:\2020-2021\pecode\滴水初级\pe\pe\petool\x64\debug\petool.tlog\link.26392.read.1.tlog
h:\2020-2021\pecode\滴水初级\pe\pe\petool\x64\debug\petool.tlog\link.26392.write.1.tlog
